<?xml version="1.0" encoding="UTF-8"?>
<!-- Generated by org.testng.reporters.JUnitReportReporter -->
<testsuite hostname="DESKTOP-J52LTSG" failures="0" tests="3" name="com.TestNg.AmazonTestNg" time="47.498" errors="0" timestamp="2022-11-23T11:55:39 IST" skipped="0">
  <testcase classname="com.TestNg.AmazonTestNg" name="totalNumberOfProduct" time="3.069"/>
  <system-out/>
  <testcase classname="com.TestNg.AmazonTestNg" name="productName" time="2.545"/>
  <system-out/>
  <testcase classname="com.TestNg.AmazonTestNg" name="allProductName" time="41.884"/>
  <system-out/>
</testsuite> <!-- com.TestNg.AmazonTestNg -->
